15:49:37.147 [AWT-EventQueue-0] INFO  c.b.sdk.actions.EnableBrowserStack - Setting enable browserstack run update
15:49:37.154 [AWT-EventQueue-0] INFO  c.b.sdk.actions.DisableBrowserStack - Setting disable browserstack run update
16:00:18.126 [AWT-EventQueue-0] INFO  c.b.sdk.actions.EnableBrowserStack - Setting enable browserstack run update
16:00:18.129 [AWT-EventQueue-0] INFO  c.b.sdk.actions.DisableBrowserStack - Setting disable browserstack run update
16:00:18.848 [AWT-EventQueue-0] INFO  c.b.sdk.actions.DisableBrowserStack - Setting disable browserstack run update
16:01:10.947 [ApplicationImpl pooled thread 163] INFO  c.b.s.l.BrowserStackRunExtension - testng
16:01:10.947 [ApplicationImpl pooled thread 163] INFO  com.browserstack.sdk.utils.Helpers - null
16:01:10.947 [ApplicationImpl pooled thread 163] INFO  c.b.s.l.BrowserStackRunExtension - Agent path: null
16:01:22.852 [ApplicationImpl pooled thread 172] INFO  c.b.s.l.BrowserStackRunExtension - testng
16:01:22.852 [ApplicationImpl pooled thread 172] INFO  com.browserstack.sdk.utils.Helpers - null
16:01:22.852 [ApplicationImpl pooled thread 172] INFO  c.b.s.l.BrowserStackRunExtension - Agent path: null
16:30:26.550 [ApplicationImpl pooled thread 183] INFO  c.b.s.l.BrowserStackRunExtension - testng
16:30:26.550 [ApplicationImpl pooled thread 183] INFO  com.browserstack.sdk.utils.Helpers - null
16:30:26.550 [ApplicationImpl pooled thread 183] INFO  c.b.s.l.BrowserStackRunExtension - Agent path: null
16:32:22.669 [ApplicationImpl pooled thread 188] INFO  c.b.s.l.BrowserStackRunExtension - testng
16:32:22.669 [ApplicationImpl pooled thread 188] INFO  com.browserstack.sdk.utils.Helpers - null
16:32:22.669 [ApplicationImpl pooled thread 188] INFO  c.b.s.l.BrowserStackRunExtension - Agent path: null
17:22:39.426 [ApplicationImpl pooled thread 210] INFO  c.b.s.l.BrowserStackRunExtension - testng
17:22:39.427 [ApplicationImpl pooled thread 210] INFO  com.browserstack.sdk.utils.Helpers - null
17:22:39.427 [ApplicationImpl pooled thread 210] INFO  c.b.s.l.BrowserStackRunExtension - Agent path: null
17:36:44.385 [ApplicationImpl pooled thread 219] INFO  c.b.s.l.BrowserStackRunExtension - testng
17:36:44.385 [ApplicationImpl pooled thread 219] INFO  com.browserstack.sdk.utils.Helpers - null
17:36:44.385 [ApplicationImpl pooled thread 219] INFO  c.b.s.l.BrowserStackRunExtension - Agent path: null
17:36:49.651 [ApplicationImpl pooled thread 219] INFO  c.b.s.l.BrowserStackRunExtension - testng
17:36:49.651 [ApplicationImpl pooled thread 219] INFO  com.browserstack.sdk.utils.Helpers - null
17:36:49.651 [ApplicationImpl pooled thread 219] INFO  c.b.s.l.BrowserStackRunExtension - Agent path: null
17:37:13.574 [ApplicationImpl pooled thread 219] INFO  c.b.s.l.BrowserStackRunExtension - testng
17:37:13.574 [ApplicationImpl pooled thread 219] INFO  com.browserstack.sdk.utils.Helpers - null
17:37:13.575 [ApplicationImpl pooled thread 219] INFO  c.b.s.l.BrowserStackRunExtension - Agent path: null
17:48:41.522 [ApplicationImpl pooled thread 224] INFO  c.b.s.l.BrowserStackRunExtension - testng
17:48:41.522 [ApplicationImpl pooled thread 224] INFO  com.browserstack.sdk.utils.Helpers - null
17:48:41.523 [ApplicationImpl pooled thread 224] INFO  c.b.s.l.BrowserStackRunExtension - Agent path: null
08:41:23.522 [ApplicationImpl pooled thread 22] INFO  c.b.s.l.BrowserStackRunExtension - testng
08:41:23.523 [ApplicationImpl pooled thread 22] INFO  com.browserstack.sdk.utils.Helpers - null
08:41:23.523 [ApplicationImpl pooled thread 22] INFO  c.b.s.l.BrowserStackRunExtension - Agent path: null
08:41:50.360 [ApplicationImpl pooled thread 22] INFO  c.b.s.l.BrowserStackRunExtension - testng
08:41:50.360 [ApplicationImpl pooled thread 22] INFO  com.browserstack.sdk.utils.Helpers - null
08:41:50.360 [ApplicationImpl pooled thread 22] INFO  c.b.s.l.BrowserStackRunExtension - Agent path: null
08:42:05.285 [ApplicationImpl pooled thread 26] INFO  c.b.s.l.BrowserStackRunExtension - testng
08:42:05.285 [ApplicationImpl pooled thread 26] INFO  com.browserstack.sdk.utils.Helpers - null
08:42:05.286 [ApplicationImpl pooled thread 26] INFO  c.b.s.l.BrowserStackRunExtension - Agent path: null
09:08:18.531 [ApplicationImpl pooled thread 32] INFO  c.b.s.l.BrowserStackRunExtension - testng
09:08:18.531 [ApplicationImpl pooled thread 32] INFO  com.browserstack.sdk.utils.Helpers - null
09:08:18.532 [ApplicationImpl pooled thread 32] INFO  c.b.s.l.BrowserStackRunExtension - Agent path: null
09:08:37.592 [ApplicationImpl pooled thread 33] INFO  c.b.s.l.BrowserStackRunExtension - testng
09:08:37.592 [ApplicationImpl pooled thread 33] INFO  com.browserstack.sdk.utils.Helpers - null
09:08:37.593 [ApplicationImpl pooled thread 33] INFO  c.b.s.l.BrowserStackRunExtension - Agent path: null
09:17:21.960 [ApplicationImpl pooled thread 39] INFO  c.b.s.l.BrowserStackRunExtension - testng
09:17:21.960 [ApplicationImpl pooled thread 39] INFO  com.browserstack.sdk.utils.Helpers - null
09:17:21.961 [ApplicationImpl pooled thread 39] INFO  c.b.s.l.BrowserStackRunExtension - Agent path: null
09:51:27.042 [ApplicationImpl pooled thread 49] INFO  c.b.s.l.BrowserStackRunExtension - testng
09:51:27.042 [ApplicationImpl pooled thread 49] INFO  com.browserstack.sdk.utils.Helpers - null
09:51:27.043 [ApplicationImpl pooled thread 49] INFO  c.b.s.l.BrowserStackRunExtension - Agent path: null
09:52:33.014 [ApplicationImpl pooled thread 52] INFO  c.b.s.l.BrowserStackRunExtension - testng
09:52:33.015 [ApplicationImpl pooled thread 52] INFO  com.browserstack.sdk.utils.Helpers - null
09:52:33.015 [ApplicationImpl pooled thread 52] INFO  c.b.s.l.BrowserStackRunExtension - Agent path: null
09:59:21.544 [ApplicationImpl pooled thread 58] INFO  c.b.s.l.BrowserStackRunExtension - testng
09:59:21.544 [ApplicationImpl pooled thread 58] INFO  com.browserstack.sdk.utils.Helpers - null
09:59:21.545 [ApplicationImpl pooled thread 58] INFO  c.b.s.l.BrowserStackRunExtension - Agent path: null
10:01:34.240 [ApplicationImpl pooled thread 58] INFO  c.b.s.l.BrowserStackRunExtension - testng
10:01:34.240 [ApplicationImpl pooled thread 58] INFO  com.browserstack.sdk.utils.Helpers - null
10:01:34.241 [ApplicationImpl pooled thread 58] INFO  c.b.s.l.BrowserStackRunExtension - Agent path: null
10:04:51.836 [ApplicationImpl pooled thread 61] INFO  c.b.s.l.BrowserStackRunExtension - testng
10:04:51.836 [ApplicationImpl pooled thread 61] INFO  com.browserstack.sdk.utils.Helpers - null
10:04:51.836 [ApplicationImpl pooled thread 61] INFO  c.b.s.l.BrowserStackRunExtension - Agent path: null
10:34:57.758 [ApplicationImpl pooled thread 97] INFO  c.b.s.l.BrowserStackRunExtension - testng
10:34:57.758 [ApplicationImpl pooled thread 97] INFO  com.browserstack.sdk.utils.Helpers - null
10:34:57.760 [ApplicationImpl pooled thread 97] INFO  c.b.s.l.BrowserStackRunExtension - Agent path: null
10:36:35.086 [ApplicationImpl pooled thread 104] INFO  c.b.s.l.BrowserStackRunExtension - testng
10:36:35.086 [ApplicationImpl pooled thread 104] INFO  com.browserstack.sdk.utils.Helpers - null
10:36:35.087 [ApplicationImpl pooled thread 104] INFO  c.b.s.l.BrowserStackRunExtension - Agent path: null
10:37:21.656 [ApplicationImpl pooled thread 104] INFO  c.b.s.l.BrowserStackRunExtension - testng
10:37:21.656 [ApplicationImpl pooled thread 104] INFO  com.browserstack.sdk.utils.Helpers - null
10:37:21.656 [ApplicationImpl pooled thread 104] INFO  c.b.s.l.BrowserStackRunExtension - Agent path: null
10:37:48.172 [ApplicationImpl pooled thread 98] INFO  c.b.s.l.BrowserStackRunExtension - testng
10:37:48.173 [ApplicationImpl pooled thread 98] INFO  com.browserstack.sdk.utils.Helpers - null
10:37:48.173 [ApplicationImpl pooled thread 98] INFO  c.b.s.l.BrowserStackRunExtension - Agent path: null
10:38:22.013 [ApplicationImpl pooled thread 105] INFO  c.b.s.l.BrowserStackRunExtension - testng
10:38:22.014 [ApplicationImpl pooled thread 105] INFO  com.browserstack.sdk.utils.Helpers - null
10:38:22.014 [ApplicationImpl pooled thread 105] INFO  c.b.s.l.BrowserStackRunExtension - Agent path: null
11:51:27.881 [ApplicationImpl pooled thread 120] INFO  c.b.s.l.BrowserStackRunExtension - testng
11:51:27.881 [ApplicationImpl pooled thread 120] INFO  com.browserstack.sdk.utils.Helpers - null
11:51:27.882 [ApplicationImpl pooled thread 120] INFO  c.b.s.l.BrowserStackRunExtension - Agent path: null
11:51:52.056 [ApplicationImpl pooled thread 113] INFO  c.b.s.l.BrowserStackRunExtension - testng
11:51:52.056 [ApplicationImpl pooled thread 113] INFO  com.browserstack.sdk.utils.Helpers - null
11:51:52.056 [ApplicationImpl pooled thread 113] INFO  c.b.s.l.BrowserStackRunExtension - Agent path: null
11:52:18.152 [ApplicationImpl pooled thread 113] INFO  c.b.s.l.BrowserStackRunExtension - testng
11:52:18.152 [ApplicationImpl pooled thread 113] INFO  com.browserstack.sdk.utils.Helpers - null
11:52:18.152 [ApplicationImpl pooled thread 113] INFO  c.b.s.l.BrowserStackRunExtension - Agent path: null
11:52:50.180 [ApplicationImpl pooled thread 123] INFO  c.b.s.l.BrowserStackRunExtension - testng
11:52:50.180 [ApplicationImpl pooled thread 123] INFO  com.browserstack.sdk.utils.Helpers - null
11:52:50.180 [ApplicationImpl pooled thread 123] INFO  c.b.s.l.BrowserStackRunExtension - Agent path: null
12:19:06.254 [ApplicationImpl pooled thread 129] INFO  c.b.s.l.BrowserStackRunExtension - testng
12:19:06.254 [ApplicationImpl pooled thread 129] INFO  com.browserstack.sdk.utils.Helpers - null
12:19:06.254 [ApplicationImpl pooled thread 129] INFO  c.b.s.l.BrowserStackRunExtension - Agent path: null
12:21:34.582 [ApplicationImpl pooled thread 129] INFO  c.b.s.l.BrowserStackRunExtension - testng
12:21:34.582 [ApplicationImpl pooled thread 129] INFO  com.browserstack.sdk.utils.Helpers - null
12:21:34.583 [ApplicationImpl pooled thread 129] INFO  c.b.s.l.BrowserStackRunExtension - Agent path: null
12:22:07.597 [ApplicationImpl pooled thread 129] INFO  c.b.s.l.BrowserStackRunExtension - testng
12:22:07.597 [ApplicationImpl pooled thread 129] INFO  com.browserstack.sdk.utils.Helpers - null
12:22:07.597 [ApplicationImpl pooled thread 129] INFO  c.b.s.l.BrowserStackRunExtension - Agent path: null
13:39:46.000 [ApplicationImpl pooled thread 151] INFO  c.b.s.l.BrowserStackRunExtension - testng
13:39:46.000 [ApplicationImpl pooled thread 151] INFO  com.browserstack.sdk.utils.Helpers - null
13:39:46.001 [ApplicationImpl pooled thread 151] INFO  c.b.s.l.BrowserStackRunExtension - Agent path: null
13:50:08.743 [ApplicationImpl pooled thread 154] INFO  c.b.s.l.BrowserStackRunExtension - testng
13:50:08.743 [ApplicationImpl pooled thread 154] INFO  com.browserstack.sdk.utils.Helpers - null
13:50:08.743 [ApplicationImpl pooled thread 154] INFO  c.b.s.l.BrowserStackRunExtension - Agent path: null
13:50:50.419 [ApplicationImpl pooled thread 156] INFO  c.b.s.l.BrowserStackRunExtension - testng
13:50:50.419 [ApplicationImpl pooled thread 156] INFO  com.browserstack.sdk.utils.Helpers - null
13:50:50.419 [ApplicationImpl pooled thread 156] INFO  c.b.s.l.BrowserStackRunExtension - Agent path: null
13:51:17.073 [ApplicationImpl pooled thread 159] INFO  c.b.s.l.BrowserStackRunExtension - testng
13:51:17.073 [ApplicationImpl pooled thread 159] INFO  com.browserstack.sdk.utils.Helpers - null
13:51:17.073 [ApplicationImpl pooled thread 159] INFO  c.b.s.l.BrowserStackRunExtension - Agent path: null
13:51:59.777 [ApplicationImpl pooled thread 157] INFO  c.b.s.l.BrowserStackRunExtension - testng
13:51:59.778 [ApplicationImpl pooled thread 157] INFO  com.browserstack.sdk.utils.Helpers - null
13:51:59.778 [ApplicationImpl pooled thread 157] INFO  c.b.s.l.BrowserStackRunExtension - Agent path: null
13:52:20.431 [ApplicationImpl pooled thread 155] INFO  c.b.s.l.BrowserStackRunExtension - testng
13:52:20.431 [ApplicationImpl pooled thread 155] INFO  com.browserstack.sdk.utils.Helpers - null
13:52:20.431 [ApplicationImpl pooled thread 155] INFO  c.b.s.l.BrowserStackRunExtension - Agent path: null
14:16:37.665 [ApplicationImpl pooled thread 174] INFO  c.b.s.l.BrowserStackRunExtension - testng
14:16:37.665 [ApplicationImpl pooled thread 174] INFO  com.browserstack.sdk.utils.Helpers - null
14:16:37.666 [ApplicationImpl pooled thread 174] INFO  c.b.s.l.BrowserStackRunExtension - Agent path: null
14:18:16.437 [ApplicationImpl pooled thread 174] INFO  c.b.s.l.BrowserStackRunExtension - testng
14:18:16.437 [ApplicationImpl pooled thread 174] INFO  com.browserstack.sdk.utils.Helpers - null
14:18:16.437 [ApplicationImpl pooled thread 174] INFO  c.b.s.l.BrowserStackRunExtension - Agent path: null
